This file contains any messages produced by compilers while
running configure, to aid debugging if configure makes a mistake.

It was created by Apertium mvf-khk configure 0.2.0, which was
generated by GNU Autoconf 2.69.  Invocation command line was

  $ ./configure --with-lang1=../apertium-mvf --with-lang2=../apertium-khk PKG_CONFIG_PATH=:/usr/local/share/pkgconfig:/usr/local/lib/pkgconfig --no-create --no-recursion

## --------- ##
## Platform. ##
## --------- ##

hostname = Anarsaikhans-MacBook-Pro.local
uname -m = x86_64
uname -r = 17.4.0
uname -s = Darwin
uname -v = Darwin Kernel Version 17.4.0: Sun Dec 17 09:19:54 PST 2017; root:xnu-4570.41.2~1/RELEASE_X86_64

/usr/bin/uname -p = i386
/bin/uname -X     = unknown

/bin/arch              = unknown
/usr/bin/arch -k       = unknown
/usr/convex/getsysinfo = unknown
/usr/bin/hostinfo      = Mach kernel version:
	 Darwin Kernel Version 17.4.0: Sun Dec 17 09:19:54 PST 2017; root:xnu-4570.41.2~1/RELEASE_X86_64
Kernel configured for up to 4 processors.
2 processors are physically available.
4 processors are logically available.
Processor type: x86_64h (Intel x86-64h Haswell)
Processors active: 0 1 2 3
Primary memory available: 8.00 gigabytes
Default processor set: 334 tasks, 1866 threads, 4 processors
Load average: 2.69, Mach factor: 1.37
/bin/machine           = unknown
/usr/bin/oslevel       = unknown
/bin/universe          = unknown

PATH: /opt/local/bin
PATH: /opt/local/sbin
PATH: /Library/Frameworks/Python.framework/Versions/3.6/bin
PATH: /usr/local/bin
PATH: /usr/bin
PATH: /bin
PATH: /usr/sbin
PATH: /sbin
PATH: /opt/X11/bin


## ----------- ##
## Core tests. ##
## ----------- ##

configure:1834: checking for a BSD-compatible install
configure:1902: result: /usr/bin/install -c
configure:1913: checking whether build environment is sane
configure:1968: result: yes
configure:2119: checking for a thread-safe mkdir -p
configure:2158: result: ./install-sh -c -d
configure:2165: checking for gawk
configure:2181: found /usr/local/bin/gawk
configure:2192: result: gawk
configure:2203: checking whether make sets $(MAKE)
configure:2225: result: yes
configure:2254: checking whether make supports nested variables
configure:2271: result: yes
configure:2398: checking whether ln -s works
configure:2402: result: yes
configure:2413: checking for gawk
configure:2440: result: gawk
configure:2507: checking for pkg-config
configure:2525: found /usr/local/bin/pkg-config
configure:2537: result: /usr/local/bin/pkg-config
configure:2562: checking pkg-config is at least version 0.9.0
configure:2565: result: yes
configure:2575: checking for apertium >= 3.4.0
configure:2582: $PKG_CONFIG --exists --print-errors "apertium >= 3.4.0"
configure:2585: $? = 0
configure:2599: $PKG_CONFIG --exists --print-errors "apertium >= 3.4.0"
configure:2602: $? = 0
configure:2820: result: yes
configure:2829: checking for cg-comp
configure:2847: found /usr/local/bin/cg-comp
configure:2860: result: /usr/local/bin/cg-comp
configure:2874: checking for cg-proc
configure:2892: found /usr/local/bin/cg-proc
configure:2905: result: /usr/local/bin/cg-proc
configure:2919: checking for lrx-comp
configure:2937: found /usr/local/bin/lrx-comp
configure:2950: result: /usr/local/bin/lrx-comp
configure:2964: checking for lrx-proc
configure:2982: found /usr/local/bin/lrx-proc
configure:2995: result: /usr/local/bin/lrx-proc
configure:3011: checking for gzcat
configure:3029: found /usr/bin/gzcat
configure:3041: result: /usr/bin/gzcat
configure:3530: checking that generated files are newer than configure
configure:3536: result: done
configure:3544: creating ./config.status

## ---------------- ##
## Cache variables. ##
## ---------------- ##

ac_cv_env_APERTIUM_CFLAGS_set=
ac_cv_env_APERTIUM_CFLAGS_value=
ac_cv_env_APERTIUM_KHK_CFLAGS_set=
ac_cv_env_APERTIUM_KHK_CFLAGS_value=
ac_cv_env_APERTIUM_KHK_LIBS_set=
ac_cv_env_APERTIUM_KHK_LIBS_value=
ac_cv_env_APERTIUM_LIBS_set=
ac_cv_env_APERTIUM_LIBS_value=
ac_cv_env_APERTIUM_MVF_CFLAGS_set=
ac_cv_env_APERTIUM_MVF_CFLAGS_value=
ac_cv_env_APERTIUM_MVF_LIBS_set=
ac_cv_env_APERTIUM_MVF_LIBS_value=
ac_cv_env_AP_LIB1_set=
ac_cv_env_AP_LIB1_value=
ac_cv_env_AP_LIB2_set=
ac_cv_env_AP_LIB2_value=
ac_cv_env_AP_SRC1_set=
ac_cv_env_AP_SRC1_value=
ac_cv_env_AP_SRC2_set=
ac_cv_env_AP_SRC2_value=
ac_cv_env_AP_SUBDIRS_set=
ac_cv_env_AP_SUBDIRS_value=
ac_cv_env_PKG_CONFIG_LIBDIR_set=
ac_cv_env_PKG_CONFIG_LIBDIR_value=
ac_cv_env_PKG_CONFIG_PATH_set=set
ac_cv_env_PKG_CONFIG_PATH_value=:/usr/local/share/pkgconfig:/usr/local/lib/pkgconfig
ac_cv_env_PKG_CONFIG_set=
ac_cv_env_PKG_CONFIG_value=
ac_cv_env_build_alias_set=
ac_cv_env_build_alias_value=
ac_cv_env_host_alias_set=
ac_cv_env_host_alias_value=
ac_cv_env_target_alias_set=
ac_cv_env_target_alias_value=
ac_cv_path_CGCOMP=/usr/local/bin/cg-comp
ac_cv_path_CGPROC=/usr/local/bin/cg-proc
ac_cv_path_LRXCOMP=/usr/local/bin/lrx-comp
ac_cv_path_LRXPROC=/usr/local/bin/lrx-proc
ac_cv_path_ZCAT=/usr/bin/gzcat
ac_cv_path_ac_pt_PKG_CONFIG=/usr/local/bin/pkg-config
ac_cv_path_install='/usr/bin/install -c'
ac_cv_prog_AWK=gawk
ac_cv_prog_make_make_set=yes
am_cv_make_support_nested_variables=yes
pkg_cv_APERTIUM_CFLAGS='-I/usr/local/include/apertium-3.5 -I/usr/local/lib/apertium-3.5/include -I/usr/local/include/lttoolbox-3.4 -I/usr/local/lib/lttoolbox-3.4/include -I/usr/localcross/target/bin/../macports/pkgs/opt/local/include/libxml2'
pkg_cv_APERTIUM_LIBS='-L/usr/local/lib -L/usr/localcross/target/bin/../macports/pkgs/opt/local/lib -lapertium3 -llttoolbox3 -lxml2'

## ----------------- ##
## Output variables. ##
## ----------------- ##

ACLOCAL='${SHELL} /Users/anarsaikhan/Desktop/V2/apertium-mvf-khk/missing aclocal-1.16'
AMTAR='$${TAR-tar}'
AM_BACKSLASH='\'
AM_DEFAULT_V='$(AM_DEFAULT_VERBOSITY)'
AM_DEFAULT_VERBOSITY='1'
AM_V='$(V)'
APERTIUM_CFLAGS='-I/usr/local/include/apertium-3.5 -I/usr/local/lib/apertium-3.5/include -I/usr/local/include/lttoolbox-3.4 -I/usr/local/lib/lttoolbox-3.4/include -I/usr/localcross/target/bin/../macports/pkgs/opt/local/include/libxml2'
APERTIUM_KHK_CFLAGS=''
APERTIUM_KHK_LIBS=''
APERTIUM_LIBS='-L/usr/local/lib -L/usr/localcross/target/bin/../macports/pkgs/opt/local/lib -lapertium3 -llttoolbox3 -lxml2'
APERTIUM_MVF_CFLAGS=''
APERTIUM_MVF_LIBS=''
AP_LIB1='../apertium-mvf'
AP_LIB2='../apertium-khk'
AP_SRC1='../apertium-mvf'
AP_SRC2='../apertium-khk'
AP_SUBDIRS=' ../apertium-mvf ../apertium-khk'
AUTOCONF='${SHELL} /Users/anarsaikhan/Desktop/V2/apertium-mvf-khk/missing autoconf'
AUTOHEADER='${SHELL} /Users/anarsaikhan/Desktop/V2/apertium-mvf-khk/missing autoheader'
AUTOMAKE='${SHELL} /Users/anarsaikhan/Desktop/V2/apertium-mvf-khk/missing automake-1.16'
AWK='gawk'
CGCOMP='/usr/local/bin/cg-comp'
CGPROC='/usr/local/bin/cg-proc'
CYGPATH_W='echo'
DEFS='-DPACKAGE_NAME=\"Apertium\ mvf-khk\" -DPACKAGE_TARNAME=\"apertium-mvf-khk\" -DPACKAGE_VERSION=\"0.2.0\" -DPACKAGE_STRING=\"Apertium\ mvf-khk\ 0.2.0\" -DPACKAGE_BUGREPORT=\"anarsaikhana@gmail.com\" -DPACKAGE_URL=\"http://wiki.apertium.org/wiki/Apertium-mvf-khk\" -DPACKAGE=\"apertium-mvf-khk\" -DVERSION=\"0.2.0\"'
ECHO_C='\c'
ECHO_N=''
ECHO_T=''
INSTALL_DATA='${INSTALL} -m 644'
INSTALL_PROGRAM='${INSTALL}'
INSTALL_SCRIPT='${INSTALL}'
INSTALL_STRIP_PROGRAM='$(install_sh) -c -s'
LIBOBJS=''
LIBS=''
LN_S='ln -s'
LRXCOMP='/usr/local/bin/lrx-comp'
LRXPROC='/usr/local/bin/lrx-proc'
LTLIBOBJS=''
MAKEINFO='${SHELL} /Users/anarsaikhan/Desktop/V2/apertium-mvf-khk/missing makeinfo'
MKDIR_P='./install-sh -c -d'
PACKAGE='apertium-mvf-khk'
PACKAGE_BUGREPORT='anarsaikhana@gmail.com'
PACKAGE_NAME='Apertium mvf-khk'
PACKAGE_STRING='Apertium mvf-khk 0.2.0'
PACKAGE_TARNAME='apertium-mvf-khk'
PACKAGE_URL='http://wiki.apertium.org/wiki/Apertium-mvf-khk'
PACKAGE_VERSION='0.2.0'
PATH_SEPARATOR=':'
PKG_CONFIG='/usr/local/bin/pkg-config'
PKG_CONFIG_LIBDIR=''
PKG_CONFIG_PATH=':/usr/local/share/pkgconfig:/usr/local/lib/pkgconfig'
SET_MAKE=''
SHELL='/bin/sh'
STRIP=''
VERSION='0.2.0'
ZCAT='/usr/bin/gzcat'
am__isrc=''
am__leading_dot='.'
am__tar='$${TAR-tar} chof - "$$tardir"'
am__untar='$${TAR-tar} xf -'
bindir='${exec_prefix}/bin'
build_alias=''
datadir='${datarootdir}'
datarootdir='${prefix}/share'
docdir='${datarootdir}/doc/${PACKAGE_TARNAME}'
dvidir='${docdir}'
exec_prefix='${prefix}'
host_alias=''
htmldir='${docdir}'
includedir='${prefix}/include'
infodir='${datarootdir}/info'
install_sh='${SHELL} /Users/anarsaikhan/Desktop/V2/apertium-mvf-khk/install-sh'
libdir='${exec_prefix}/lib'
libexecdir='${exec_prefix}/libexec'
localedir='${datarootdir}/locale'
localstatedir='${prefix}/var'
mandir='${datarootdir}/man'
mkdir_p='$(MKDIR_P)'
oldincludedir='/usr/include'
pdfdir='${docdir}'
prefix='/usr/local'
program_transform_name='s,x,x,'
psdir='${docdir}'
sbindir='${exec_prefix}/sbin'
sharedstatedir='${prefix}/com'
sysconfdir='${prefix}/etc'
target_alias=''

## ------------------- ##
## File substitutions. ##
## ------------------- ##

ap_include='./ap_include.am'

## ----------- ##
## confdefs.h. ##
## ----------- ##

/* confdefs.h */
#define PACKAGE_NAME "Apertium mvf-khk"
#define PACKAGE_TARNAME "apertium-mvf-khk"
#define PACKAGE_VERSION "0.2.0"
#define PACKAGE_STRING "Apertium mvf-khk 0.2.0"
#define PACKAGE_BUGREPORT "anarsaikhana@gmail.com"
#define PACKAGE_URL "http://wiki.apertium.org/wiki/Apertium-mvf-khk"
#define PACKAGE "apertium-mvf-khk"
#define VERSION "0.2.0"

configure: exit 0

## ---------------------- ##
## Running config.status. ##
## ---------------------- ##

This file was extended by Apertium mvf-khk config.status 0.2.0, which was
generated by GNU Autoconf 2.69.  Invocation command line was

  CONFIG_FILES    = 
  CONFIG_HEADERS  = 
  CONFIG_LINKS    = 
  CONFIG_COMMANDS = 
  $ ./config.status 

on Anarsaikhans-MacBook-Pro.local

config.status:791: creating Makefile
